2023-07-24T14:20:08.162+0200 INFO Starting NavBox using Java 11.0.19 on ahmedeid-Latitude-5490 with PID 51325 (/home/ahmed-eid/companies/nasnav/apps/backend/nasnav-backend/nasnav/target/classes started by ahmed-eid in /home/ahmed-eid/companies/nasnav/apps/backend/nasnav-backend)
2023-07-24T14:20:08.173+0200 DEBUG Running with Spring Boot v2.4.4, Spring v5.3.5
2023-07-24T14:20:08.174+0200 INFO No active profile set, falling back to default profiles: default
2023-07-24T14:20:12.301+0200 DEBUG Filter 'requestBodyCachingFilter' configured for use
2023-07-24T14:20:26.049+0200 INFO DryRun : true
2023-07-24T14:20:26.051+0200 INFO Mail Host : mail.nasnav.com:25
2023-07-24T14:20:34.880+0200 INFO Started NavBox in 28.315 seconds (JVM running for 30.776)
2023-07-25T16:48:15.671+0200 INFO Starting NavBox using Java 11.0.19 on ahmedeid-Latitude-5490 with PID 9571 (/home/ahmed-eid/companies/nasnav/apps/backend/nasnav-backend/nasnav/target/classes started by ahmed-eid in /home/ahmed-eid/companies/nasnav/apps/backend/nasnav-backend)
2023-07-25T16:48:15.676+0200 DEBUG Running with Spring Boot v2.4.4, Spring v5.3.5
2023-07-25T16:48:15.677+0200 INFO No active profile set, falling back to default profiles: default
2023-07-25T16:48:18.929+0200 DEBUG Filter 'requestBodyCachingFilter' configured for use
2023-07-25T16:48:27.210+0200 INFO DryRun : true
2023-07-25T16:48:27.212+0200 INFO Mail Host : mail.nasnav.com:25
2023-07-25T16:48:34.823+0200 INFO Started NavBox in 19.958 seconds (JVM running for 21.881)
2023-07-26T14:58:18.906+0200 INFO Starting NavBox using Java 11.0.19 on ahmedeid-Latitude-5490 with PID 28948 (/home/ahmed-eid/companies/nasnav/apps/backend/nasnav-backend/nasnav/target/classes started by ahmed-eid in /home/ahmed-eid/companies/nasnav/apps/backend/nasnav-backend)
2023-07-26T14:58:18.909+0200 DEBUG Running with Spring Boot v2.4.4, Spring v5.3.5
2023-07-26T14:58:18.909+0200 INFO No active profile set, falling back to default profiles: default
2023-07-26T14:58:22.323+0200 DEBUG Filter 'requestBodyCachingFilter' configured for use
2023-07-26T14:59:25.256+0200 INFO Starting NavBox using Java 11.0.19 on ahmedeid-Latitude-5490 with PID 29116 (/home/ahmed-eid/companies/nasnav/apps/backend/nasnav-backend/nasnav/target/classes started by ahmed-eid in /home/ahmed-eid/companies/nasnav/apps/backend/nasnav-backend)
2023-07-26T14:59:25.258+0200 DEBUG Running with Spring Boot v2.4.4, Spring v5.3.5
2023-07-26T14:59:25.259+0200 INFO No active profile set, falling back to default profiles: default
2023-07-26T14:59:28.143+0200 DEBUG Filter 'requestBodyCachingFilter' configured for use
2023-07-26T15:01:13.364+0200 INFO Starting NavBox using Java 11.0.19 on ahmedeid-Latitude-5490 with PID 29327 (/home/ahmed-eid/companies/nasnav/apps/backend/nasnav-backend/nasnav/target/classes started by ahmed-eid in /home/ahmed-eid/companies/nasnav/apps/backend/nasnav-backend)
2023-07-26T15:01:13.366+0200 DEBUG Running with Spring Boot v2.4.4, Spring v5.3.5
2023-07-26T15:01:13.367+0200 INFO No active profile set, falling back to default profiles: default
2023-07-26T15:01:15.958+0200 DEBUG Filter 'requestBodyCachingFilter' configured for use
2023-07-26T15:04:50.461+0200 INFO Starting NavBox using Java 11.0.19 on ahmedeid-Latitude-5490 with PID 29723 (/home/ahmed-eid/companies/nasnav/apps/backend/nasnav-backend/nasnav/target/classes started by ahmed-eid in /home/ahmed-eid/companies/nasnav/apps/backend/nasnav-backend)
2023-07-26T15:04:50.463+0200 DEBUG Running with Spring Boot v2.4.4, Spring v5.3.5
2023-07-26T15:04:50.463+0200 INFO No active profile set, falling back to default profiles: default
2023-07-26T15:04:53.163+0200 DEBUG Filter 'requestBodyCachingFilter' configured for use
2023-07-26T15:16:11.746+0200 INFO Starting NavBox using Java 11.0.19 on ahmedeid-Latitude-5490 with PID 31325 (/home/ahmed-eid/companies/nasnav/apps/backend/nasnav-backend/nasnav/target/classes started by ahmed-eid in /home/ahmed-eid/companies/nasnav/apps/backend/nasnav-backend)
2023-07-26T15:16:11.749+0200 DEBUG Running with Spring Boot v2.4.4, Spring v5.3.5
2023-07-26T15:16:11.749+0200 INFO No active profile set, falling back to default profiles: default
2023-07-26T15:16:14.451+0200 DEBUG Filter 'requestBodyCachingFilter' configured for use
2023-07-26T15:16:22.895+0200 INFO DryRun : true
2023-07-26T15:16:22.898+0200 INFO Mail Host : mail.nasnav.com:25
2023-07-26T15:16:30.616+0200 INFO Started NavBox in 19.644 seconds (JVM running for 20.597)
2023-07-27T11:28:22.104+0200 INFO Starting NavBox using Java 11.0.19 on ahmedeid-Latitude-5490 with PID 13415 (/home/ahmed-eid/companies/nasnav/apps/backend/nasnav-backend/nasnav/target/classes started by ahmed-eid in /home/ahmed-eid/companies/nasnav/apps/backend/nasnav-backend)
2023-07-27T11:28:22.107+0200 DEBUG Running with Spring Boot v2.4.4, Spring v5.3.5
2023-07-27T11:28:22.108+0200 INFO No active profile set, falling back to default profiles: default
2023-07-27T11:28:25.471+0200 DEBUG Filter 'requestBodyCachingFilter' configured for use
2023-07-27T11:28:33.964+0200 INFO DryRun : true
2023-07-27T11:28:33.966+0200 INFO Mail Host : mail.nasnav.com:25
2023-07-27T11:28:41.244+0200 INFO Started NavBox in 20.429 seconds (JVM running for 22.482)
2023-07-29T14:26:30.523+0200 INFO Starting NavBox using Java 11.0.19 on ahmedeid-Latitude-5490 with PID 7780 (/home/ahmed-eid/companies/nasnav/apps/backend/nasnav-backend/nasnav/target/classes started by ahmed-eid in /home/ahmed-eid/companies/nasnav/apps/backend/nasnav-backend)
2023-07-29T14:26:30.526+0200 DEBUG Running with Spring Boot v2.4.4, Spring v5.3.5
2023-07-29T14:26:30.527+0200 INFO No active profile set, falling back to default profiles: default
2023-07-29T14:26:34.486+0200 DEBUG Filter 'requestBodyCachingFilter' configured for use
2023-07-29T14:27:54.219+0200 INFO Starting NavBox using Java 11.0.19 on ahmedeid-Latitude-5490 with PID 8142 (/home/ahmed-eid/companies/nasnav/apps/backend/nasnav-backend/nasnav/target/classes started by ahmed-eid in /home/ahmed-eid/companies/nasnav/apps/backend/nasnav-backend)
2023-07-29T14:27:54.223+0200 DEBUG Running with Spring Boot v2.4.4, Spring v5.3.5
2023-07-29T14:27:54.223+0200 INFO No active profile set, falling back to default profiles: default
2023-07-29T14:27:57.425+0200 DEBUG Filter 'requestBodyCachingFilter' configured for use
2023-07-29T14:28:17.905+0200 INFO Starting NavBox using Java 11.0.19 on ahmedeid-Latitude-5490 with PID 8287 (/home/ahmed-eid/companies/nasnav/apps/backend/nasnav-backend/nasnav/target/classes started by ahmed-eid in /home/ahmed-eid/companies/nasnav/apps/backend/nasnav-backend)
2023-07-29T14:28:17.908+0200 DEBUG Running with Spring Boot v2.4.4, Spring v5.3.5
2023-07-29T14:28:17.908+0200 INFO No active profile set, falling back to default profiles: default
2023-07-29T14:28:20.855+0200 DEBUG Filter 'requestBodyCachingFilter' configured for use
2023-07-29T14:28:29.369+0200 INFO DryRun : true
2023-07-29T14:28:29.371+0200 INFO Mail Host : mail.nasnav.com:25
2023-07-29T14:28:36.811+0200 INFO Started NavBox in 19.779 seconds (JVM running for 21.219)
