2023-09-20T13:34:36.501+0200 INFO Could not detect default resource locations for test class [com.nasnav.yeshtery.test.templates.AbstractTestWithTempBaseDir]: no resource found for suffixes {-context.xml, Context.groovy}.
2023-09-20T13:34:37.106+0200 INFO Loaded default TestExecutionListener class names from location [META-INF/spring.factories]: [org.springframework.boot.test.mock.mockito.MockitoTestExecutionListener, org.springframework.boot.test.mock.mockito.ResetMocksTestExecutionListener, org.springframework.boot.test.autoconfigure.restdocs.RestDocsTestExecutionListener, org.springframework.boot.test.autoconfigure.web.client.MockRestServiceServerResetTestExecutionListener, org.springframework.boot.test.autoconfigure.web.servlet.MockMvcPrintOnlyOnFailureTestExecutionListener, org.springframework.boot.test.autoconfigure.web.servlet.WebDriverTestExecutionListener, org.springframework.boot.test.autoconfigure.webservices.client.MockWebServiceServerTestExecutionListener, org.springframework.test.context.web.ServletTestExecutionListener, org.springframework.test.context.support.DirtiesContextBeforeModesTestExecutionListener, org.springframework.test.context.event.ApplicationEventsTestExecutionListener, org.springframework.test.context.support.DependencyInjectionTestExecutionListener, org.springframework.test.context.support.DirtiesContextTestExecutionListener, org.springframework.test.context.transaction.TransactionalTestExecutionListener, org.springframework.test.context.jdbc.SqlScriptsTestExecutionListener, org.springframework.test.context.event.EventPublishingTestExecutionListener]
2023-09-20T13:34:37.176+0200 INFO Using TestExecutionListeners: [org.springframework.test.context.web.ServletTestExecutionListener@2fea7088, org.springframework.test.context.support.DirtiesContextBeforeModesTestExecutionListener@40499e4f, org.springframework.test.context.event.ApplicationEventsTestExecutionListener@51cd7ffc, org.springframework.boot.test.mock.mockito.MockitoTestExecutionListener@30d4b288, org.springframework.boot.test.autoconfigure.SpringBootDependencyInjectionTestExecutionListener@4cc6fa2a, org.springframework.test.context.support.DirtiesContextTestExecutionListener@40f1be1b, org.springframework.test.context.transaction.TransactionalTestExecutionListener@7a791b66, org.springframework.test.context.jdbc.SqlScriptsTestExecutionListener@6f2cb653, org.springframework.test.context.event.EventPublishingTestExecutionListener@14c01636, org.springframework.boot.test.mock.mockito.ResetMocksTestExecutionListener@590c73d3, org.springframework.boot.test.autoconfigure.restdocs.RestDocsTestExecutionListener@6b9ce1bf, org.springframework.boot.test.autoconfigure.web.client.MockRestServiceServerResetTestExecutionListener@61884cb1, org.springframework.boot.test.autoconfigure.web.servlet.MockMvcPrintOnlyOnFailureTestExecutionListener@75ed9710, org.springframework.boot.test.autoconfigure.web.servlet.WebDriverTestExecutionListener@4fc5e095, org.springframework.boot.test.autoconfigure.webservices.client.MockWebServiceServerTestExecutionListener@435871cb]
2023-09-20T13:34:39.446+0200 WARN 

Found multiple occurrences of org.json.JSONObject on the class path:

	jar:file:/C:/Users/Beshoy%20Gerges/.m2/repository/org/json/json/20210307/json-20210307.jar!/org/json/JSONObject.class
	jar:file:/C:/Users/Beshoy%20Gerges/.m2/repository/com/vaadin/external/google/android-json/0.0.20131108.vaadin1/android-json-0.0.20131108.vaadin1.jar!/org/json/JSONObject.class

You may wish to exclude one of them to ensure predictable runtime behavior

2023-09-20T13:34:46.970+0200 INFO Bootstrapping Spring Data JPA repositories in DEFAULT mode.
2023-09-20T13:34:47.000+0200 INFO Finished Spring Data repository scanning in 15 ms. Found 0 JPA repository interfaces.
2023-09-20T13:34:47.001+0200 INFO Bootstrapping Spring Data JPA repositories in DEFAULT mode.
2023-09-20T13:34:47.010+0200 INFO Finished Spring Data repository scanning in 8 ms. Found 0 JPA repository interfaces.
2023-09-20T13:34:47.011+0200 INFO Bootstrapping Spring Data JPA repositories in DEFAULT mode.
2023-09-20T13:34:47.021+0200 INFO Finished Spring Data repository scanning in 8 ms. Found 0 JPA repository interfaces.
2023-09-20T13:34:47.021+0200 INFO Bootstrapping Spring Data JPA repositories in DEFAULT mode.
2023-09-20T13:34:47.032+0200 INFO Finished Spring Data repository scanning in 10 ms. Found 0 JPA repository interfaces.
2023-09-20T13:34:47.111+0200 INFO Bootstrapping Spring Data JPA repositories in DEFAULT mode.
2023-09-20T13:34:48.145+0200 INFO Finished Spring Data repository scanning in 1034 ms. Found 129 JPA repository interfaces.
2023-09-20T13:34:48.162+0200 INFO Bootstrapping Spring Data JPA repositories in DEFAULT mode.
2023-09-20T13:34:48.167+0200 INFO Finished Spring Data repository scanning in 4 ms. Found 0 JPA repository interfaces.
2023-09-20T13:34:50.578+0200 INFO Bean 'persistenceConfig' of type [com.nasnav.PersistenceConfig$$EnhancerBySpringCGLIB$$d19dc2c4] is not eligible for getting processed by all BeanPostProcessors (for example: not eligible for auto-proxying)
2023-09-20T13:34:50.838+0200 INFO Bean 'cachingConfig' of type [com.nasnav.cache.CachingConfig$$EnhancerBySpringCGLIB$$610b8c78] is not eligible for getting processed by all BeanPostProcessors (for example: not eligible for auto-proxying)
2023-09-20T13:34:51.074+0200 INFO Bean 'org.springframework.security.access.expression.method.DefaultMethodSecurityExpressionHandler@3c271988' of type [org.springframework.security.access.expression.method.DefaultMethodSecurityExpressionHandler] is not eligible for getting processed by all BeanPostProcessors (for example: not eligible for auto-proxying)
2023-09-20T13:34:51.101+0200 INFO Bean 'methodSecurityMetadataSource' of type [org.springframework.security.access.method.DelegatingMethodSecurityMetadataSource] is not eligible for getting processed by all BeanPostProcessors (for example: not eligible for auto-proxying)
2023-09-20T13:34:52.044+0200 INFO Tomcat initialized with port(s): 0 (http)
2023-09-20T13:34:52.459+0200 INFO Root WebApplicationContext: initialization completed in 12872 ms
2023-09-20T13:35:12.402+0200 INFO Initialized JPA EntityManagerFactory for persistence unit 'default'
2023-09-20T13:35:13.659+0200 INFO Initializing ExecutorService 'taskScheduler'
2023-09-20T13:35:24.733+0200 INFO Autowired annotation should only be used on methods with parameters: public void com.nasnav.service.impl.VideoChatServiceImpl.initController()
2023-09-20T13:35:27.474+0200 WARN spring.jpa.open-in-view is enabled by default. Therefore, database queries may be performed during view rendering. Explicitly configure spring.jpa.open-in-view to disable this warning
2023-09-20T13:35:28.700+0200 INFO Will secure Or [Ant [pattern='/swagger**/**'], Ant [pattern='/webjars/**'], Ant [pattern='/v3/api-docs/**'], Ant [pattern='/csrf/**'], Ant [pattern='/favicon.ico'], Ant [pattern='/static/**'], Ant [pattern='/icons/**'], Ant [pattern='/js/**'], Ant [pattern='/css/**'], Ant [pattern='/v1/callbacks/**'], Ant [pattern='/v1/product/bundles', GET], Ant [pattern='/v1/product/info', GET], Ant [pattern='/v1/product/image', GET], Ant [pattern='/v1/product/variant', GET], Ant [pattern='/v1/organization/payments', GET], Ant [pattern='/v1/organization/brands', GET], Ant [pattern='/v1/organization/products_features', GET], Ant [pattern='/v1/files/**', GET], Ant [pattern='/error/**', GET], Ant [pattern='/v1/yeshtery/**', GET], Ant [pattern='/v1/360view/**', GET], Ant [pattern='/v1/room/shop', GET], Ant [pattern='/v1/room/shop/list', GET], Ant [pattern='/v1/room/event', GET], Ant [pattern='/v1/room/event/list', GET], Ant [pattern='/v1/payment/**'], Ant [pattern='/v1/user/recover'], Ant [pattern='/v1/user/recovery/otp-verify'], Ant [pattern='/v1/user/login/**'], Ant [pattern='/v1/user/register'], Ant [pattern='/v1/user/register/activate'], Ant [pattern='/v1/user/register/otp/activate'], Ant [pattern='/v1/user/employee/otp/activate'], Ant [pattern='/v1/user/register/activate/resend'], Ant [pattern='/v1/user/subscribe'], Ant [pattern='/v1/user/subscribe/activate'], Ant [pattern='/v1/employee-user-heart-beats-logs/list-active-employee', GET]] with []
2023-09-20T13:35:33.693+0200 INFO Exposing 2 endpoint(s) beneath base path '/actuator'
2023-09-20T13:35:33.834+0200 INFO Will secure any request with [org.springframework.security.web.context.request.async.WebAsyncManagerIntegrationFilter@57935a7, org.springframework.security.web.context.SecurityContextPersistenceFilter@3ca1bfcc, org.springframework.security.web.header.HeaderWriterFilter@26a13403, org.springframework.web.filter.CorsFilter@68e14285, org.springframework.security.oauth2.client.web.OAuth2AuthorizationRequestRedirectFilter@3e6ab97b, org.springframework.security.oauth2.client.web.OAuth2LoginAuthenticationFilter@92f66c2, org.springframework.security.web.authentication.ui.DefaultLoginPageGeneratingFilter@475c7026, org.springframework.security.web.authentication.ui.DefaultLogoutPageGeneratingFilter@7f801e99, org.springframework.security.web.savedrequest.RequestCacheAwareFilter@3d6b3780, org.springframework.security.web.servletapi.SecurityContextHolderAwareRequestFilter@4e11c1f, com.nasnav.security.AuthenticationFilter@6cbbe9d0, org.springframework.security.web.authentication.AnonymousAuthenticationFilter@20a32ded, org.springframework.security.web.session.SessionManagementFilter@21033aa7, org.springframework.security.web.access.ExceptionTranslationFilter@2b8958d1, org.springframework.security.web.access.intercept.FilterSecurityInterceptor@5467a9ac]
2023-09-20T13:35:34.633+0200 INFO Initializing ExecutorService 'applicationTaskExecutor'
2023-09-20T13:35:36.071+0200 INFO Initializing Servlet ''
2023-09-20T13:35:36.073+0200 INFO Completed initialization in 2 ms
2023-09-20T13:35:37.298+0200 INFO Tomcat started on port(s): 52351 (http) with context path ''
2023-09-20T13:35:37.300+0200 INFO Starting Quartz Scheduler now
2023-09-20T13:35:48.041+0200 INFO Initializing Servlet 'dispatcherServlet'
2023-09-20T13:35:48.044+0200 INFO Completed initialization in 3 ms
2023-09-20T13:36:28.597+0200 INFO Shutting down Quartz Scheduler
2023-09-20T13:36:28.600+0200 INFO Shutting down ExecutorService 'applicationTaskExecutor'
2023-09-20T13:36:28.711+0200 INFO Shutting down ExecutorService 'taskScheduler'
2023-09-20T13:36:28.712+0200 INFO Closing JPA EntityManagerFactory for persistence unit 'default'
