2023-07-24T14:11:08.516+0200 WARN HHH000104: firstResult/maxResults specified with collection fetch; applying in memory!
2023-07-24T14:11:24.745+0200 WARN HHH000104: firstResult/maxResults specified with collection fetch; applying in memory!
2023-07-24T14:11:25.086+0200 WARN HHH000104: firstResult/maxResults specified with collection fetch; applying in memory!
2023-07-24T14:11:25.487+0200 WARN HHH000104: firstResult/maxResults specified with collection fetch; applying in memory!
2023-07-24T14:11:25.892+0200 WARN HHH000104: firstResult/maxResults specified with collection fetch; applying in memory!
2023-07-24T14:11:26.195+0200 WARN HHH000104: firstResult/maxResults specified with collection fetch; applying in memory!
2023-07-24T14:11:26.531+0200 WARN HHH000104: firstResult/maxResults specified with collection fetch; applying in memory!
2023-07-24T14:12:31.215+0200 WARN HHH000100: Fail-safe cleanup (collections) : org.hibernate.engine.loading.internal.CollectionLoadContext@7fd9eb94<rs=HikariProxyResultSet@1919181986 wrapping org.postgresql.jdbc.PgResultSet@3ee2f7c3>
2023-07-24T14:12:31.215+0200 WARN HHH000160: On CollectionLoadContext#cleanup, localLoadingCollectionKeys contained [1] entries
2023-07-24T14:12:31.633+0200 WARN HHH000100: Fail-safe cleanup (collections) : org.hibernate.engine.loading.internal.CollectionLoadContext@5f3c9a96<rs=HikariProxyResultSet@2110924448 wrapping org.postgresql.jdbc.PgResultSet@1a5037c>
2023-07-24T14:12:31.633+0200 WARN HHH000160: On CollectionLoadContext#cleanup, localLoadingCollectionKeys contained [1] entries
2023-07-24T14:12:32.294+0200 WARN HHH000100: Fail-safe cleanup (collections) : org.hibernate.engine.loading.internal.CollectionLoadContext@590922cf<rs=HikariProxyResultSet@331030617 wrapping org.postgresql.jdbc.PgResultSet@79a23497>
2023-07-24T14:12:32.294+0200 WARN HHH000160: On CollectionLoadContext#cleanup, localLoadingCollectionKeys contained [1] entries
2023-07-24T14:13:16.528+0200 WARN HHH000104: firstResult/maxResults specified with collection fetch; applying in memory!
2023-07-24T14:13:16.921+0200 WARN HHH000104: firstResult/maxResults specified with collection fetch; applying in memory!
2023-07-24T14:13:17.086+0200 WARN HHH000104: firstResult/maxResults specified with collection fetch; applying in memory!
2023-07-24T14:13:17.181+0200 WARN HHH000104: firstResult/maxResults specified with collection fetch; applying in memory!
2023-07-24T14:13:17.301+0200 WARN HHH000104: firstResult/maxResults specified with collection fetch; applying in memory!
2023-07-24T14:13:17.557+0200 WARN HHH000104: firstResult/maxResults specified with collection fetch; applying in memory!
2023-07-24T14:13:17.729+0200 WARN HHH000104: firstResult/maxResults specified with collection fetch; applying in memory!
2023-07-24T14:13:17.851+0200 WARN HHH000104: firstResult/maxResults specified with collection fetch; applying in memory!
2023-07-24T14:13:17.954+0200 WARN HHH000104: firstResult/maxResults specified with collection fetch; applying in memory!
2023-07-24T14:13:18.098+0200 WARN HHH000104: firstResult/maxResults specified with collection fetch; applying in memory!
2023-07-24T14:13:20.998+0200 WARN HHH000104: firstResult/maxResults specified with collection fetch; applying in memory!
2023-07-24T14:13:21.113+0200 WARN HHH000104: firstResult/maxResults specified with collection fetch; applying in memory!
2023-07-24T14:13:21.218+0200 WARN HHH000104: firstResult/maxResults specified with collection fetch; applying in memory!
2023-07-24T14:13:21.843+0200 WARN HHH000104: firstResult/maxResults specified with collection fetch; applying in memory!
2023-07-24T14:13:21.975+0200 WARN HHH000104: firstResult/maxResults specified with collection fetch; applying in memory!
2023-07-24T14:13:22.092+0200 WARN HHH000104: firstResult/maxResults specified with collection fetch; applying in memory!
2023-07-24T14:13:27.239+0200 WARN HHH000104: firstResult/maxResults specified with collection fetch; applying in memory!
2023-07-24T14:13:27.331+0200 WARN HHH000104: firstResult/maxResults specified with collection fetch; applying in memory!
2023-07-24T14:13:27.483+0200 WARN HHH000104: firstResult/maxResults specified with collection fetch; applying in memory!
2023-07-24T14:13:29.668+0200 WARN HHH000104: firstResult/maxResults specified with collection fetch; applying in memory!
2023-07-24T14:13:29.885+0200 WARN HHH000104: firstResult/maxResults specified with collection fetch; applying in memory!
2023-07-24T14:13:30.104+0200 WARN HHH000104: firstResult/maxResults specified with collection fetch; applying in memory!
2023-07-24T14:13:31.947+0200 WARN HHH000104: firstResult/maxResults specified with collection fetch; applying in memory!
2023-07-24T14:13:32.393+0200 WARN HHH000104: firstResult/maxResults specified with collection fetch; applying in memory!
2023-07-24T14:13:32.797+0200 WARN HHH000104: firstResult/maxResults specified with collection fetch; applying in memory!
2023-07-24T14:13:34.590+0200 WARN HHH000104: firstResult/maxResults specified with collection fetch; applying in memory!
2023-07-24T14:13:36.789+0200 WARN HHH000104: firstResult/maxResults specified with collection fetch; applying in memory!
2023-07-24T14:13:42.139+0200 WARN HHH000104: firstResult/maxResults specified with collection fetch; applying in memory!
2023-07-24T14:13:42.273+0200 WARN HHH000104: firstResult/maxResults specified with collection fetch; applying in memory!
2023-07-24T14:14:22.111+0200 WARN HHH000104: firstResult/maxResults specified with collection fetch; applying in memory!
2023-07-30T10:26:39.651+0200 WARN SQL Error: 0, SQLState: 23502
2023-07-30T10:26:39.652+0200 ERROR ERROR: null value in column "id" of relation "employee_user_otp" violates not-null constraint
  Detail: Failing row contains (423891, null, 10000001, 2023-07-30 10:26:39.641, REGISTER, 0).
2023-07-30T11:32:22.352+0200 WARN SQL Error: 0, SQLState: 23502
2023-07-30T11:32:22.352+0200 ERROR ERROR: null value in column "id" of relation "employee_user_otp" violates not-null constraint
  Detail: Failing row contains (252363, null, 10000001, 2023-07-30 11:32:22.294, REGISTER, 0).
